<?xml version="1.0" encoding="UTF-8"?>
<testsuite xmlns:xsi="http://www.w3.org/2001/XMLSchema-instance" xsi:noNamespaceSchemaLocation="https://maven.apache.org/surefire/maven-surefire-plugin/xsd/surefire-test-report-3.0.xsd" version="3.0" name="com.ecommerce.ecommerce.EcommerceApplicationTests" time="14.402" tests="1" errors="0" skipped="0" failures="0">
  <properties>
[...]
</properties>
  <testcase name="contextLoads" classname="com.ecommerce.ecommerce.EcommerceApplicationTests" time="0.926">
    <system-out><![CDATA[21:06:34.478 [main] INFO org.springframework.test.context.support.AnnotationConfigContextLoaderUtils -- Could not detect default configuration classes for test class [com.ecommerce.ecommerce.EcommerceApplicationTests]: EcommerceApplicationTests does not declare any static, non-private, non-final, nested classes annotated with @Configuration.
21:06:34.704 [main] INFO org.springframework.boot.test.context.SpringBootTestContextBootstrapper -- Found @SpringBootConfiguration com.ecommerce.ecommerce.EcommerceApplication for test class com.ecommerce.ecommerce.EcommerceApplicationTests

  .   ____          _            __ _ _
 /\\ / ___'_ __ _ _(_)_ __  __ _ \ \ \ \
( ( )\___ | '_ | '_| | '_ \/ _` | \ \ \ \
 \\/  ___)| |_)| | | | | || (_| |  ) ) ) )
  '  |____| .__|_| |_|_| |_\__, | / / / /
 =========|_|==============|___/=/_/_/_/

 :: Spring Boot ::                (v3.3.4)

2025-09-12T21:06:35.613+05:30  INFO 2652 --- [ecommerce] [           main] c.e.ecommerce.EcommerceApplicationTests  : Starting EcommerceApplicationTests using Java 21 with PID 2652 (started by ASUS in K:\javaSpringBoot\Projects\e-commerceBackend\ecommerce)
2025-09-12T21:06:35.617+05:30  INFO 2652 --- [ecommerce] [           main] c.e.ecommerce.EcommerceApplicationTests  : The following 1 profile is active: "local"
2025-09-12T21:06:37.202+05:30  INFO 2652 --- [ecommerce] [           main] .s.d.r.c.RepositoryConfigurationDelegate : Bootstrapping Spring Data JPA repositories in DEFAULT mode.
2025-09-12T21:06:37.346+05:30  INFO 2652 --- [ecommerce] [           main] .s.d.r.c.RepositoryConfigurationDelegate : Finished Spring Data repository scanning in 109 ms. Found 7 JPA repository interfaces.
2025-09-12T21:06:38.796+05:30  INFO 2652 --- [ecommerce] [           main] o.hibernate.jpa.internal.util.LogHelper  : HHH000204: Processing PersistenceUnitInfo [name: default]
2025-09-12T21:06:38.952+05:30  INFO 2652 --- [ecommerce] [           main] org.hibernate.Version                    : HHH000412: Hibernate ORM core version 6.5.3.Final
2025-09-12T21:06:39.025+05:30  INFO 2652 --- [ecommerce] [           main] o.h.c.internal.RegionFactoryInitiator    : HHH000026: Second-level cache disabled
2025-09-12T21:06:39.804+05:30  INFO 2652 --- [ecommerce] [           main] o.s.o.j.p.SpringPersistenceUnitInfo      : No LoadTimeWeaver setup: ignoring JPA class transformer
2025-09-12T21:06:39.883+05:30  INFO 2652 --- [ecommerce] [           main] com.zaxxer.hikari.HikariDataSource       : HikariPool-1 - Starting...
2025-09-12T21:06:40.796+05:30  INFO 2652 --- [ecommerce] [           main] com.zaxxer.hikari.pool.HikariPool        : HikariPool-1 - Added connection com.mysql.cj.jdbc.ConnectionImpl@32b95de
2025-09-12T21:06:40.799+05:30  INFO 2652 --- [ecommerce] [           main] com.zaxxer.hikari.HikariDataSource       : HikariPool-1 - Start completed.
2025-09-12T21:06:40.974+05:30  WARN 2652 --- [ecommerce] [           main] org.hibernate.orm.deprecation            : HHH90000025: MySQLDialect does not need to be specified explicitly using 'hibernate.dialect' (remove the property setting and it will be selected by default)
2025-09-12T21:06:42.776+05:30  INFO 2652 --- [ecommerce] [           main] o.h.e.t.j.p.i.JtaPlatformInitiator       : HHH000489: No JTA platform available (set 'hibernate.transaction.jta.platform' to enable JTA platform integration)
2025-09-12T21:06:42.997+05:30  INFO 2652 --- [ecommerce] [           main] j.LocalContainerEntityManagerFactoryBean : Initialized JPA EntityManagerFactory for persistence unit 'default'
2025-09-12T21:06:43.971+05:30  INFO 2652 --- [ecommerce] [           main] o.s.d.j.r.query.QueryEnhancerFactory     : Hibernate is in classpath; If applicable, HQL parser will be used.
2025-09-12T21:06:45.332+05:30  INFO 2652 --- [ecommerce] [           main] eAuthenticationProviderManagerConfigurer : Global AuthenticationManager configured with AuthenticationProvider bean with name authenticationProvider
2025-09-12T21:06:45.335+05:30  WARN 2652 --- [ecommerce] [           main] r$InitializeUserDetailsManagerConfigurer : Global AuthenticationManager configured with an AuthenticationProvider bean. UserDetailsService beans will not be used for username/password login. Consider removing the AuthenticationProvider bean. Alternatively, consider using the UserDetailsService in a manually instantiated DaoAuthenticationProvider.
2025-09-12T21:06:45.470+05:30  WARN 2652 --- [ecommerce] [           main] JpaBaseConfiguration$JpaWebConfiguration : spring.jpa.open-in-view is enabled by default. Therefore, database queries may be performed during view rendering. Explicitly configure spring.jpa.open-in-view to disable this warning
2025-09-12T21:06:47.208+05:30  INFO 2652 --- [ecommerce] [           main] c.e.ecommerce.EcommerceApplicationTests  : Started EcommerceApplicationTests in 12.2 seconds (process running for 15.122)
]]></system-out>
    <system-err><![CDATA[WARNING: A Java agent has been loaded dynamically (C:\Users\ASUS\.m2\repository\net\bytebuddy\byte-buddy-agent\1.14.19\byte-buddy-agent-1.14.19.jar)
WARNING: If a serviceability tool is in use, please run with -XX:+EnableDynamicAgentLoading to hide this warning
WARNING: If a serviceability tool is not in use, please run with -Djdk.instrument.traceUsage for more information
WARNING: Dynamic loading of agents will be disallowed by default in a future release
]]></system-err>
  </testcase>
</testsuite>